2025-02-20 23:27:08,708 - INFO - Starte Datenerfassung...
2025-02-20 23:27:09,186 - INFO - Gefundene Institute: ['31.01.2025', '18.02.2025', '20.02.2025', '19.02.2025', '13.02.2025', '20.02.2025', '17.02.2025']
2025-02-20 23:27:09,189 - INFO - Rohdaten für Parteien: {'CDU/CSU': [32.0, 30.0, 30.0, 28.0, 31.0, 32.0, 30.0], 'SPD': [15.0, 15.0, 16.0, 16.0, 15.0, 14.0, 15.0], 'GRÜNE': [13.0, 14.0, 13.0, 14.0, 13.0, 14.0, 13.0], 'FDP': [5.0, 4.0, 5.0, 4.5, 4.0, 4.0, 4.0], 'DIE LINKE': [6.0, 4.0, 7.0, 8.0, 6.0, 6.0, 7.0], 'AfD': [20.0, 20.0, 20.0, 21.0, 20.0, 21.0, 21.0], 'FREIE WÄHLER': [0.0, 0.0, 0.0, 0.0, 2.0, 0.0, 0.0], 'Sonstige': [5.0, 8.0, 5.0, 4.0, 5.0, 4.5, 5.0]}
2025-02-20 23:27:09,191 - INFO - Durchschnittswerte: {'CDU/CSU': 30.4, 'SPD': 15.1, 'GRÜNE': 13.4, 'FDP': 4.4, 'DIE LINKE': 6.3, 'AfD': 20.4, 'FREIE WÄHLER': 0.3, 'Sonstige': 5.2}
2025-02-20 23:27:09,193 - INFO - Berechne mögliche Koalitionen...
2025-02-20 23:27:09,193 - INFO - Koalitionen mit AfD: [{'parties': ['CDU/CSU', 'AfD'], 'total': 50.8, 'possible': True}, {'parties': ['CDU/CSU', 'SPD', 'AfD'], 'total': 65.9, 'possible': True}, {'parties': ['CDU/CSU', 'GRÜNE', 'AfD'], 'total': 64.2, 'possible': True}, {'parties': ['CDU/CSU', 'DIE LINKE', 'AfD'], 'total': 57.1, 'possible': True}, {'parties': ['CDU/CSU', 'AfD', 'Sonstige'], 'total': 56.0, 'possible': True}, {'parties': ['CDU/CSU', 'SPD', 'GRÜNE', 'AfD'], 'total': 79.3, 'possible': True}, {'parties': ['CDU/CSU', 'SPD', 'DIE LINKE', 'AfD'], 'total': 72.2, 'possible': True}, {'parties': ['CDU/CSU', 'SPD', 'AfD', 'Sonstige'], 'total': 71.1, 'possible': True}, {'parties': ['CDU/CSU', 'GRÜNE', 'DIE LINKE', 'AfD'], 'total': 70.5, 'possible': True}, {'parties': ['CDU/CSU', 'GRÜNE', 'AfD', 'Sonstige'], 'total': 69.4, 'possible': True}, {'parties': ['CDU/CSU', 'DIE LINKE', 'AfD', 'Sonstige'], 'total': 62.3, 'possible': True}, {'parties': ['CDU/CSU', 'SPD', 'GRÜNE', 'DIE LINKE', 'AfD'], 'total': 85.6, 'possible': True}, {'parties': ['CDU/CSU', 'SPD', 'GRÜNE', 'AfD', 'Sonstige'], 'total': 84.5, 'possible': True}, {'parties': ['CDU/CSU', 'SPD', 'DIE LINKE', 'AfD', 'Sonstige'], 'total': 77.4, 'possible': True}, {'parties': ['CDU/CSU', 'GRÜNE', 'DIE LINKE', 'AfD', 'Sonstige'], 'total': 75.7, 'possible': True}, {'parties': ['CDU/CSU', 'SPD', 'GRÜNE', 'DIE LINKE', 'AfD', 'Sonstige'], 'total': 90.8, 'possible': True}]
2025-02-20 23:27:09,193 - INFO - Koalitionen ohne AfD: [{'parties': ['CDU/CSU', 'SPD'], 'total': 45.5, 'possible': False}, {'parties': ['CDU/CSU', 'GRÜNE'], 'total': 43.8, 'possible': False}, {'parties': ['CDU/CSU', 'DIE LINKE'], 'total': 36.7, 'possible': False}, {'parties': ['CDU/CSU', 'Sonstige'], 'total': 35.6, 'possible': False}, {'parties': ['CDU/CSU', 'SPD', 'GRÜNE'], 'total': 58.9, 'possible': True}, {'parties': ['CDU/CSU', 'SPD', 'DIE LINKE'], 'total': 51.8, 'possible': True}, {'parties': ['CDU/CSU', 'SPD', 'Sonstige'], 'total': 50.7, 'possible': True}, {'parties': ['CDU/CSU', 'GRÜNE', 'DIE LINKE'], 'total': 50.1, 'possible': True}, {'parties': ['CDU/CSU', 'GRÜNE', 'Sonstige'], 'total': 49.0, 'possible': False}, {'parties': ['CDU/CSU', 'DIE LINKE', 'Sonstige'], 'total': 41.9, 'possible': False}, {'parties': ['CDU/CSU', 'SPD', 'GRÜNE', 'DIE LINKE'], 'total': 65.2, 'possible': True}, {'parties': ['CDU/CSU', 'SPD', 'GRÜNE', 'Sonstige'], 'total': 64.1, 'possible': True}, {'parties': ['CDU/CSU', 'SPD', 'DIE LINKE', 'Sonstige'], 'total': 57.0, 'possible': True}, {'parties': ['CDU/CSU', 'GRÜNE', 'DIE LINKE', 'Sonstige'], 'total': 55.3, 'possible': True}, {'parties': ['CDU/CSU', 'SPD', 'GRÜNE', 'DIE LINKE', 'Sonstige'], 'total': 70.4, 'possible': True}]
2025-02-20 23:27:09,194 - INFO - Prozess erfolgreich abgeschlossen!
2025-02-20 23:31:13,950 - INFO - Starte Datenerfassung...
2025-02-20 23:31:14,782 - INFO - Gefundene Institute: ['31.01.2025', '18.02.2025', '20.02.2025', '19.02.2025', '13.02.2025', '20.02.2025', '17.02.2025']
2025-02-20 23:31:14,784 - INFO - Rohdaten für Parteien: {'CDU/CSU': [32.0, 30.0, 30.0, 28.0, 31.0, 32.0, 30.0], 'SPD': [15.0, 15.0, 16.0, 16.0, 15.0, 14.0, 15.0], 'GRÜNE': [13.0, 14.0, 13.0, 14.0, 13.0, 14.0, 13.0], 'FDP': [5.0, 4.0, 5.0, 4.5, 4.0, 4.0, 4.0], 'DIE LINKE': [6.0, 4.0, 7.0, 8.0, 6.0, 6.0, 7.0], 'AfD': [20.0, 20.0, 20.0, 21.0, 20.0, 21.0, 21.0], 'FREIE WÄHLER': [0.0, 0.0, 0.0, 0.0, 2.0, 0.0, 0.0], 'Sonstige': [5.0, 8.0, 5.0, 4.0, 5.0, 4.5, 5.0]}
2025-02-20 23:31:14,786 - INFO - Durchschnittswerte: {'CDU/CSU': 30.4, 'SPD': 15.1, 'GRÜNE': 13.4, 'FDP': 4.4, 'DIE LINKE': 6.3, 'AfD': 20.4, 'FREIE WÄHLER': 0.3, 'Sonstige': 5.2}
2025-02-20 23:31:14,787 - INFO - Berechne mögliche Koalitionen...
2025-02-20 23:31:14,787 - INFO - Koalitionen mit AfD: [{'parties': ['CDU/CSU', 'AfD'], 'total': 50.8, 'possible': True}, {'parties': ['CDU/CSU', 'SPD', 'AfD'], 'total': 65.9, 'possible': True}, {'parties': ['CDU/CSU', 'GRÜNE', 'AfD'], 'total': 64.2, 'possible': True}, {'parties': ['CDU/CSU', 'DIE LINKE', 'AfD'], 'total': 57.1, 'possible': True}, {'parties': ['CDU/CSU', 'AfD', 'Sonstige'], 'total': 56.0, 'possible': True}]
2025-02-20 23:31:14,787 - INFO - Koalitionen ohne AfD: [{'parties': ['CDU/CSU', 'SPD'], 'total': 45.5, 'possible': False}, {'parties': ['CDU/CSU', 'GRÜNE'], 'total': 43.8, 'possible': False}, {'parties': ['CDU/CSU', 'DIE LINKE'], 'total': 36.7, 'possible': False}, {'parties': ['CDU/CSU', 'Sonstige'], 'total': 35.6, 'possible': False}, {'parties': ['CDU/CSU', 'SPD', 'GRÜNE'], 'total': 58.9, 'possible': True}, {'parties': ['CDU/CSU', 'SPD', 'DIE LINKE'], 'total': 51.8, 'possible': True}, {'parties': ['CDU/CSU', 'SPD', 'Sonstige'], 'total': 50.7, 'possible': True}, {'parties': ['CDU/CSU', 'GRÜNE', 'DIE LINKE'], 'total': 50.1, 'possible': True}, {'parties': ['CDU/CSU', 'GRÜNE', 'Sonstige'], 'total': 49.0, 'possible': False}, {'parties': ['CDU/CSU', 'DIE LINKE', 'Sonstige'], 'total': 41.9, 'possible': False}]
2025-02-20 23:31:14,788 - INFO - Prozess erfolgreich abgeschlossen!
2025-02-20 23:38:35,278 - INFO - Starte Datenerfassung...
2025-02-20 23:38:35,815 - INFO - Gefundene Institute: ['31.01.2025', '18.02.2025', '20.02.2025', '19.02.2025', '13.02.2025', '20.02.2025', '17.02.2025']
2025-02-20 23:38:35,818 - INFO - Rohdaten für Parteien: {'CDU/CSU': [32.0, 30.0, 30.0, 28.0, 31.0, 32.0, 30.0], 'SPD': [15.0, 15.0, 16.0, 16.0, 15.0, 14.0, 15.0], 'GRÜNE': [13.0, 14.0, 13.0, 14.0, 13.0, 14.0, 13.0], 'FDP': [5.0, 4.0, 5.0, 4.5, 4.0, 4.0, 4.0], 'DIE LINKE': [6.0, 4.0, 7.0, 8.0, 6.0, 6.0, 7.0], 'AfD': [20.0, 20.0, 20.0, 21.0, 20.0, 21.0, 21.0], 'FREIE WÄHLER': [0.0, 0.0, 0.0, 0.0, 2.0, 0.0, 0.0], 'Sonstige': [5.0, 8.0, 5.0, 4.0, 5.0, 4.5, 5.0]}
2025-02-20 23:38:35,819 - INFO - Durchschnittswerte: {'CDU/CSU': 30.4, 'SPD': 15.1, 'GRÜNE': 13.4, 'FDP': 4.4, 'DIE LINKE': 6.3, 'AfD': 20.4, 'FREIE WÄHLER': 0.3, 'Sonstige': 5.2}
2025-02-20 23:38:35,820 - INFO - Berechne mögliche Koalitionen...
2025-02-20 23:38:35,821 - INFO - Koalitionen mit AfD: [{'parties': ['CDU/CSU', 'AfD'], 'total': 50.8, 'possible': True}, {'parties': ['CDU/CSU', 'AfD', 'Sonstige'], 'total': 56.0, 'possible': True}]
2025-02-20 23:38:35,821 - INFO - Koalitionen ohne AfD: [{'parties': ['CDU/CSU', 'SPD', 'GRÜNE'], 'total': 58.9, 'possible': True}, {'parties': ['CDU/CSU', 'SPD', 'DIE LINKE'], 'total': 51.8, 'possible': True}, {'parties': ['CDU/CSU', 'SPD', 'Sonstige'], 'total': 50.7, 'possible': True}, {'parties': ['CDU/CSU', 'GRÜNE', 'DIE LINKE'], 'total': 50.1, 'possible': True}]
2025-02-20 23:38:35,821 - INFO - Prozess erfolgreich abgeschlossen!
2025-02-20 23:45:41,136 - INFO - Starte Datenerfassung...
2025-02-20 23:45:42,052 - INFO - Gefundene Institute: ['31.01.2025', '18.02.2025', '20.02.2025', '19.02.2025', '13.02.2025', '20.02.2025', '17.02.2025']
2025-02-20 23:45:42,055 - INFO - Rohdaten für Parteien: {'CDU/CSU': [32.0, 30.0, 30.0, 28.0, 31.0, 32.0, 30.0], 'SPD': [15.0, 15.0, 16.0, 16.0, 15.0, 14.0, 15.0], 'GRÜNE': [13.0, 14.0, 13.0, 14.0, 13.0, 14.0, 13.0], 'FDP': [5.0, 4.0, 5.0, 4.5, 4.0, 4.0, 4.0], 'DIE LINKE': [6.0, 4.0, 7.0, 8.0, 6.0, 6.0, 7.0], 'AfD': [20.0, 20.0, 20.0, 21.0, 20.0, 21.0, 21.0], 'FREIE WÄHLER': [0.0, 0.0, 0.0, 0.0, 2.0, 0.0, 0.0], 'Sonstige': [5.0, 8.0, 5.0, 4.0, 5.0, 4.5, 5.0]}
2025-02-20 23:45:42,056 - INFO - Durchschnittswerte: {'CDU/CSU': 30.4, 'SPD': 15.1, 'GRÜNE': 13.4, 'FDP': 4.4, 'DIE LINKE': 6.3, 'AfD': 20.4, 'FREIE WÄHLER': 0.3, 'Sonstige': 5.2}
2025-02-20 23:45:42,057 - INFO - Berechne mögliche Koalitionen...
2025-02-20 23:45:42,057 - INFO - Koalitionen mit AfD: [{'parties': ['CDU/CSU', 'AfD'], 'total': 50.8, 'possible': True}, {'parties': ['CDU/CSU', 'AfD', 'Sonstige'], 'total': 56.0, 'possible': True}]
2025-02-20 23:45:42,057 - INFO - Koalitionen ohne AfD: [{'parties': ['CDU/CSU', 'SPD'], 'total': 45.5, 'possible': False}, {'parties': ['CDU/CSU', 'GRÜNE'], 'total': 43.8, 'possible': False}, {'parties': ['CDU/CSU', 'DIE LINKE'], 'total': 36.7, 'possible': False}, {'parties': ['CDU/CSU', 'Sonstige'], 'total': 35.6, 'possible': False}, {'parties': ['CDU/CSU', 'SPD', 'GRÜNE'], 'total': 58.9, 'possible': True}, {'parties': ['CDU/CSU', 'SPD', 'DIE LINKE'], 'total': 51.8, 'possible': True}, {'parties': ['CDU/CSU', 'SPD', 'Sonstige'], 'total': 50.7, 'possible': True}, {'parties': ['CDU/CSU', 'GRÜNE', 'DIE LINKE'], 'total': 50.1, 'possible': True}, {'parties': ['CDU/CSU', 'GRÜNE', 'Sonstige'], 'total': 49.0, 'possible': False}, {'parties': ['CDU/CSU', 'DIE LINKE', 'Sonstige'], 'total': 41.9, 'possible': False}]
2025-02-20 23:45:42,057 - INFO - Formatiere Daten für LaMetric...
2025-02-20 23:45:42,058 - INFO - Prozess erfolgreich abgeschlossen!
2025-02-20 23:55:40,999 - INFO - Starte Datenerfassung...
2025-02-20 23:55:41,774 - INFO - Gefundene Institute: ['31.01.2025', '18.02.2025', '20.02.2025', '19.02.2025', '13.02.2025', '20.02.2025', '17.02.2025']
2025-02-20 23:55:41,776 - INFO - Rohdaten für Parteien: {'CDU/CSU': [32.0, 30.0, 30.0, 28.0, 31.0, 32.0, 30.0], 'SPD': [15.0, 15.0, 16.0, 16.0, 15.0, 14.0, 15.0], 'GRÜNE': [13.0, 14.0, 13.0, 14.0, 13.0, 14.0, 13.0], 'FDP': [5.0, 4.0, 5.0, 4.5, 4.0, 4.0, 4.0], 'DIE LINKE': [6.0, 4.0, 7.0, 8.0, 6.0, 6.0, 7.0], 'AfD': [20.0, 20.0, 20.0, 21.0, 20.0, 21.0, 21.0], 'FREIE WÄHLER': [0.0, 0.0, 0.0, 0.0, 2.0, 0.0, 0.0], 'Sonstige': [5.0, 8.0, 5.0, 4.0, 5.0, 4.5, 5.0]}
2025-02-20 23:55:41,778 - INFO - Durchschnittswerte: {'CDU/CSU': 30.4, 'SPD': 15.1, 'GRÜNE': 13.4, 'FDP': 4.4, 'DIE LINKE': 6.3, 'AfD': 20.4, 'FREIE WÄHLER': 0.3, 'Sonstige': 5.2}
2025-02-20 23:55:41,779 - INFO - Berechne mögliche Koalitionen...
2025-02-20 23:55:41,779 - INFO - Koalitionen mit AfD: [{'parties': ['CDU/CSU', 'AfD'], 'total': 50.8, 'possible': True}, {'parties': ['CDU/CSU', 'AfD', 'Sonstige'], 'total': 56.0, 'possible': True}]
2025-02-20 23:55:41,780 - INFO - Koalitionen ohne AfD: [{'parties': ['CDU/CSU', 'SPD'], 'total': 45.5, 'possible': False}, {'parties': ['CDU/CSU', 'GRÜNE'], 'total': 43.8, 'possible': False}, {'parties': ['CDU/CSU', 'DIE LINKE'], 'total': 36.7, 'possible': False}, {'parties': ['CDU/CSU', 'Sonstige'], 'total': 35.6, 'possible': False}, {'parties': ['CDU/CSU', 'SPD', 'GRÜNE'], 'total': 58.9, 'possible': True}, {'parties': ['CDU/CSU', 'SPD', 'DIE LINKE'], 'total': 51.8, 'possible': True}, {'parties': ['CDU/CSU', 'SPD', 'Sonstige'], 'total': 50.7, 'possible': True}, {'parties': ['CDU/CSU', 'GRÜNE', 'DIE LINKE'], 'total': 50.1, 'possible': True}, {'parties': ['CDU/CSU', 'GRÜNE', 'Sonstige'], 'total': 49.0, 'possible': False}, {'parties': ['CDU/CSU', 'DIE LINKE', 'Sonstige'], 'total': 41.9, 'possible': False}]
2025-02-20 23:55:41,780 - INFO - Formatiere Daten für LaMetric...
2025-02-20 23:55:41,780 - INFO - Prozess erfolgreich abgeschlossen!
2025-02-21 09:46:45,043 - INFO - Starte Datenerfassung...
2025-02-21 09:46:45,583 - INFO - Gefundene Institute: ['31.01.2025', '18.02.2025', '20.02.2025', '19.02.2025', '13.02.2025', '20.02.2025', '21.02.2025']
2025-02-21 09:46:45,586 - INFO - Rohdaten für Parteien: {'CDU/CSU': [32.0, 30.0, 30.0, 28.0, 31.0, 32.0, 30.0], 'SPD': [15.0, 15.0, 16.0, 16.0, 15.0, 14.0, 15.0], 'GRÜNE': [13.0, 14.0, 13.0, 14.0, 13.0, 14.0, 13.0], 'FDP': [5.0, 4.0, 5.0, 4.5, 4.0, 4.0, 4.0], 'DIE LINKE': [6.0, 4.0, 7.0, 8.0, 6.0, 6.0, 7.0], 'AfD': [20.0, 20.0, 20.0, 21.0, 20.0, 21.0, 21.0], 'FREIE WÄHLER': [0.0, 0.0, 0.0, 0.0, 2.0, 0.0, 0.0], 'Sonstige': [5.0, 8.0, 5.0, 4.0, 5.0, 4.5, 5.0]}
2025-02-21 09:46:45,588 - INFO - Durchschnittswerte: {'CDU/CSU': 30.4, 'SPD': 15.1, 'GRÜNE': 13.4, 'FDP': 4.4, 'DIE LINKE': 6.3, 'AfD': 20.4, 'FREIE WÄHLER': 0.3, 'Sonstige': 5.2}
2025-02-21 09:46:45,589 - INFO - Berechne mögliche Koalitionen...
2025-02-21 09:46:45,589 - INFO - Koalitionen mit AfD: [{'parties': ['CDU/CSU', 'AfD'], 'total': 50.8, 'possible': True}, {'parties': ['CDU/CSU', 'AfD', 'Sonstige'], 'total': 56.0, 'possible': True}]
2025-02-21 09:46:45,589 - INFO - Koalitionen ohne AfD: [{'parties': ['CDU/CSU', 'SPD'], 'total': 45.5, 'possible': False}, {'parties': ['CDU/CSU', 'GRÜNE'], 'total': 43.8, 'possible': False}, {'parties': ['CDU/CSU', 'DIE LINKE'], 'total': 36.7, 'possible': False}, {'parties': ['CDU/CSU', 'Sonstige'], 'total': 35.6, 'possible': False}, {'parties': ['CDU/CSU', 'SPD', 'GRÜNE'], 'total': 58.9, 'possible': True}, {'parties': ['CDU/CSU', 'SPD', 'DIE LINKE'], 'total': 51.8, 'possible': True}, {'parties': ['CDU/CSU', 'SPD', 'Sonstige'], 'total': 50.7, 'possible': True}, {'parties': ['CDU/CSU', 'GRÜNE', 'DIE LINKE'], 'total': 50.1, 'possible': True}, {'parties': ['CDU/CSU', 'GRÜNE', 'Sonstige'], 'total': 49.0, 'possible': False}, {'parties': ['CDU/CSU', 'DIE LINKE', 'Sonstige'], 'total': 41.9, 'possible': False}]
2025-02-21 09:46:45,589 - INFO - Formatiere Daten für LaMetric...
2025-02-21 09:46:45,590 - INFO - Prozess erfolgreich abgeschlossen!
2025-02-21 09:50:53,548 - INFO - Starte Datenerfassung...
2025-02-21 09:50:54,079 - INFO - Gefundene Institute: ['31.01.2025', '18.02.2025', '20.02.2025', '19.02.2025', '13.02.2025', '20.02.2025', '21.02.2025']
2025-02-21 09:50:54,082 - INFO - Rohdaten für Parteien: {'CDU/CSU': [32.0, 30.0, 30.0, 28.0, 31.0, 32.0, 30.0], 'SPD': [15.0, 15.0, 16.0, 16.0, 15.0, 14.0, 15.0], 'GRÜNE': [13.0, 14.0, 13.0, 14.0, 13.0, 14.0, 13.0], 'FDP': [5.0, 4.0, 5.0, 4.5, 4.0, 4.0, 4.0], 'DIE LINKE': [6.0, 4.0, 7.0, 8.0, 6.0, 6.0, 7.0], 'AfD': [20.0, 20.0, 20.0, 21.0, 20.0, 21.0, 21.0], 'FREIE WÄHLER': [0.0, 0.0, 0.0, 0.0, 2.0, 0.0, 0.0], 'Sonstige': [5.0, 8.0, 5.0, 4.0, 5.0, 4.5, 5.0]}
2025-02-21 09:50:54,083 - INFO - Durchschnittswerte: {'CDU/CSU': 30.4, 'SPD': 15.1, 'GRÜNE': 13.4, 'FDP': 4.4, 'DIE LINKE': 6.3, 'AfD': 20.4, 'FREIE WÄHLER': 0.3, 'Sonstige': 5.2}
2025-02-21 09:50:54,084 - INFO - Berechne mögliche Koalitionen...
2025-02-21 09:50:54,085 - INFO - Koalitionen mit AfD: [{'parties': ['CDU/CSU', 'AfD'], 'total': 50.8, 'possible': True}, {'parties': ['CDU/CSU', 'AfD', 'Sonstige'], 'total': 56.0, 'possible': True}]
2025-02-21 09:50:54,085 - INFO - Koalitionen ohne AfD: [{'parties': ['CDU/CSU', 'SPD'], 'total': 45.5, 'possible': False}, {'parties': ['CDU/CSU', 'GRÜNE'], 'total': 43.8, 'possible': False}, {'parties': ['CDU/CSU', 'DIE LINKE'], 'total': 36.7, 'possible': False}, {'parties': ['CDU/CSU', 'Sonstige'], 'total': 35.6, 'possible': False}, {'parties': ['CDU/CSU', 'SPD', 'GRÜNE'], 'total': 58.9, 'possible': True}, {'parties': ['CDU/CSU', 'SPD', 'DIE LINKE'], 'total': 51.8, 'possible': True}, {'parties': ['CDU/CSU', 'SPD', 'Sonstige'], 'total': 50.7, 'possible': True}, {'parties': ['CDU/CSU', 'GRÜNE', 'DIE LINKE'], 'total': 50.1, 'possible': True}, {'parties': ['CDU/CSU', 'GRÜNE', 'Sonstige'], 'total': 49.0, 'possible': False}, {'parties': ['CDU/CSU', 'DIE LINKE', 'Sonstige'], 'total': 41.9, 'possible': False}]
2025-02-21 09:50:54,085 - INFO - Formatiere Daten für LaMetric...
2025-02-21 09:50:54,085 - INFO - Daten erfolgreich in lametric.json geschrieben.
2025-02-21 09:50:54,085 - INFO - Prozess erfolgreich abgeschlossen!
2025-02-21 09:57:22,843 - INFO - Starte Datenerfassung...
2025-02-21 09:57:23,482 - INFO - Gefundene Institute: ['31.01.2025', '18.02.2025', '20.02.2025', '19.02.2025', '13.02.2025', '20.02.2025', '21.02.2025']
2025-02-21 09:57:23,485 - INFO - Rohdaten für Parteien: {'CDU/CSU': [32.0, 30.0, 30.0, 28.0, 31.0, 32.0, 30.0], 'SPD': [15.0, 15.0, 16.0, 16.0, 15.0, 14.0, 15.0], 'GRÜNE': [13.0, 14.0, 13.0, 14.0, 13.0, 14.0, 13.0], 'FDP': [5.0, 4.0, 5.0, 4.5, 4.0, 4.0, 4.0], 'DIE LINKE': [6.0, 4.0, 7.0, 8.0, 6.0, 6.0, 7.0], 'AfD': [20.0, 20.0, 20.0, 21.0, 20.0, 21.0, 21.0], 'FREIE WÄHLER': [0.0, 0.0, 0.0, 0.0, 2.0, 0.0, 0.0], 'Sonstige': [5.0, 8.0, 5.0, 4.0, 5.0, 4.5, 5.0]}
2025-02-21 09:57:23,486 - INFO - Durchschnittswerte: {'CDU/CSU': 30.4, 'SPD': 15.1, 'GRÜNE': 13.4, 'FDP': 4.4, 'DIE LINKE': 6.3, 'AfD': 20.4, 'FREIE WÄHLER': 0.3, 'Sonstige': 5.2}
2025-02-21 09:57:23,487 - INFO - Berechne mögliche Koalitionen...
2025-02-21 09:57:23,488 - INFO - Koalitionen mit AfD: [{'parties': ['CDU/CSU', 'AfD'], 'total': 50.8, 'possible': True}, {'parties': ['CDU/CSU', 'AfD', 'Sonstige'], 'total': 56.0, 'possible': True}]
2025-02-21 09:57:23,488 - INFO - Koalitionen ohne AfD: [{'parties': ['CDU/CSU', 'SPD'], 'total': 45.5, 'possible': False}, {'parties': ['CDU/CSU', 'GRÜNE'], 'total': 43.8, 'possible': False}, {'parties': ['CDU/CSU', 'DIE LINKE'], 'total': 36.7, 'possible': False}, {'parties': ['CDU/CSU', 'Sonstige'], 'total': 35.6, 'possible': False}, {'parties': ['CDU/CSU', 'SPD', 'GRÜNE'], 'total': 58.9, 'possible': True}, {'parties': ['CDU/CSU', 'SPD', 'DIE LINKE'], 'total': 51.8, 'possible': True}, {'parties': ['CDU/CSU', 'SPD', 'Sonstige'], 'total': 50.7, 'possible': True}, {'parties': ['CDU/CSU', 'GRÜNE', 'DIE LINKE'], 'total': 50.1, 'possible': True}, {'parties': ['CDU/CSU', 'GRÜNE', 'Sonstige'], 'total': 49.0, 'possible': False}, {'parties': ['CDU/CSU', 'DIE LINKE', 'Sonstige'], 'total': 41.9, 'possible': False}]
2025-02-21 09:57:23,488 - INFO - Formatiere Daten für LaMetric...
2025-02-21 09:57:23,488 - INFO - Daten erfolgreich in data.json geschrieben.
2025-02-21 09:57:23,488 - INFO - Prozess erfolgreich abgeschlossen!
2025-02-21 10:15:00,489 - INFO - Starte Datenerfassung...
2025-02-21 10:15:01,157 - INFO - Gefundene Institute: ['31.01.2025', '18.02.2025', '20.02.2025', '19.02.2025', '13.02.2025', '20.02.2025', '21.02.2025']
2025-02-21 10:15:01,160 - INFO - Rohdaten für Parteien: {'CDU/CSU': [32.0, 30.0, 30.0, 28.0, 31.0, 32.0, 30.0], 'SPD': [15.0, 15.0, 16.0, 16.0, 15.0, 14.0, 15.0], 'GRÜNE': [13.0, 14.0, 13.0, 14.0, 13.0, 14.0, 13.0], 'FDP': [5.0, 4.0, 5.0, 4.5, 4.0, 4.0, 4.0], 'DIE LINKE': [6.0, 4.0, 7.0, 8.0, 6.0, 6.0, 7.0], 'AfD': [20.0, 20.0, 20.0, 21.0, 20.0, 21.0, 21.0], 'FREIE WÄHLER': [0.0, 0.0, 0.0, 0.0, 2.0, 0.0, 0.0], 'Sonstige': [5.0, 8.0, 5.0, 4.0, 5.0, 4.5, 5.0]}
2025-02-21 10:15:01,161 - INFO - Durchschnittswerte: {'CDU/CSU': 30.4, 'SPD': 15.1, 'GRÜNE': 13.4, 'FDP': 4.4, 'DIE LINKE': 6.3, 'AfD': 20.4, 'FREIE WÄHLER': 0.3, 'Sonstige': 5.2}
2025-02-21 10:15:01,162 - INFO - Berechne mögliche Koalitionen...
2025-02-21 10:15:01,162 - INFO - Koalitionen mit AfD: [{'parties': ['CDU/CSU', 'AfD'], 'total': 50.8, 'possible': True}, {'parties': ['CDU/CSU', 'AfD', 'Sonstige'], 'total': 56.0, 'possible': True}]
2025-02-21 10:15:01,163 - INFO - Koalitionen ohne AfD: [{'parties': ['CDU/CSU', 'SPD'], 'total': 45.5, 'possible': False}, {'parties': ['CDU/CSU', 'GRÜNE'], 'total': 43.8, 'possible': False}, {'parties': ['CDU/CSU', 'DIE LINKE'], 'total': 36.7, 'possible': False}, {'parties': ['CDU/CSU', 'Sonstige'], 'total': 35.6, 'possible': False}, {'parties': ['CDU/CSU', 'SPD', 'GRÜNE'], 'total': 58.9, 'possible': True}, {'parties': ['CDU/CSU', 'SPD', 'DIE LINKE'], 'total': 51.8, 'possible': True}, {'parties': ['CDU/CSU', 'SPD', 'Sonstige'], 'total': 50.7, 'possible': True}, {'parties': ['CDU/CSU', 'GRÜNE', 'DIE LINKE'], 'total': 50.1, 'possible': True}, {'parties': ['CDU/CSU', 'GRÜNE', 'Sonstige'], 'total': 49.0, 'possible': False}, {'parties': ['CDU/CSU', 'DIE LINKE', 'Sonstige'], 'total': 41.9, 'possible': False}]
2025-02-21 10:15:01,163 - INFO - Formatiere Daten für LaMetric...
2025-02-21 10:15:01,163 - INFO - Daten erfolgreich in data.json geschrieben.
2025-02-21 10:15:01,163 - INFO - Prozess erfolgreich abgeschlossen!
